22:41:12.311 [main] INFO  com.webstore.testcases.TC001_Account_Registration_Test - Entering confirm password
22:41:12.447 [main] INFO  com.webstore.testcases.TC001_Account_Registration_Test - Clicking on Register buton
22:41:14.802 [main] INFO  com.webstore.testcases.TC001_Account_Registration_Test - Validating registration success
22:41:14.961 [main] INFO  com.webstore.testcases.TC001_Account_Registration_Test - ***** TC001_AccountRegistrationTest is ended ****
22:41:15.184 [main] INFO  com.webstore.testcases.TC001_Account_Registration_Test - Quitting web browser
22:41:15.502 [main] INFO  com.webstore.testcases.TC002_LoginTest - Launching chrome browser
22:41:20.020 [main] INFO  com.webstore.testcases.TC002_LoginTest - ***** Starting TC002_LoginTest ****
22:41:20.022 [main] INFO  com.webstore.testcases.TC002_LoginTest - Clicking on Login header link
22:41:20.529 [main] INFO  com.webstore.testcases.TC002_LoginTest - Entering email
22:41:21.017 [main] INFO  com.webstore.testcases.TC002_LoginTest - Entering password
22:41:21.391 [main] INFO  com.webstore.testcases.TC002_LoginTest - Clicking on Login button
22:41:23.004 [main] INFO  com.webstore.testcases.TC002_LoginTest - Clicking on Logout button
22:41:23.795 [main] INFO  com.webstore.testcases.TC002_LoginTest - ***** TC002_LoginTest is ended ****
22:41:23.800 [main] INFO  com.webstore.testcases.TC002_LoginTest - Quitting web browser
22:41:24.053 [main] INFO  com.webstore.testcases.TC003_ForgetPasswordTest - Launching chrome browser
22:41:28.466 [main] INFO  com.webstore.testcases.TC003_ForgetPasswordTest - ***** Starting TC003_ForgetPasswordTest ****
22:41:28.474 [main] INFO  com.webstore.testcases.TC003_ForgetPasswordTest - Clicking on login header link
22:41:29.144 [main] INFO  com.webstore.testcases.TC003_ForgetPasswordTest - Clicking on Forgot password link
22:41:29.687 [main] INFO  com.webstore.testcases.TC003_ForgetPasswordTest - Verifing title is displayed or not
22:41:29.742 [main] INFO  com.webstore.testcases.TC003_ForgetPasswordTest - Entering recovery email
22:41:30.226 [main] INFO  com.webstore.testcases.TC003_ForgetPasswordTest - Clicking on Recovery button
22:41:31.292 [main] INFO  com.webstore.testcases.TC003_ForgetPasswordTest - Validating recovery email sent message
22:41:31.411 [main] INFO  com.webstore.testcases.TC003_ForgetPasswordTest - ***** TC002_LoginTest is ended ****
22:41:31.597 [main] INFO  com.webstore.testcases.TC003_ForgetPasswordTest - Quitting web browser
22:41:31.873 [main] INFO  com.webstore.testcases.TC004_SearchTest - Launching chrome browser
22:41:35.928 [main] INFO  com.webstore.testcases.TC004_SearchTest - ***** Starting Login reusable method ****
22:41:35.928 [main] INFO  com.webstore.testcases.TC004_SearchTest - Clicking on Login header link
22:41:36.452 [main] INFO  com.webstore.testcases.TC004_SearchTest - Entering email
22:41:36.928 [main] INFO  com.webstore.testcases.TC004_SearchTest - Entering password
22:41:37.310 [main] INFO  com.webstore.testcases.TC004_SearchTest - Clicking on Login button
22:41:38.270 [main] INFO  com.webstore.testcases.TC004_SearchTest - ***** Starting TC004_SearchTest ****
22:41:38.272 [main] INFO  com.webstore.testcases.TC004_SearchTest - Clicking on Search button
22:41:38.358 [main] INFO  com.webstore.testcases.TC004_SearchTest - Validating search alert text
22:41:38.634 [main] INFO  com.webstore.testcases.TC004_SearchTest - Clicking on Logout button
22:41:39.642 [main] INFO  com.webstore.testcases.TC004_SearchTest - ***** Starting Login reusable method ****
22:41:39.646 [main] INFO  com.webstore.testcases.TC004_SearchTest - Clicking on Login header link
22:41:40.131 [main] INFO  com.webstore.testcases.TC004_SearchTest - Entering email
22:41:40.556 [main] INFO  com.webstore.testcases.TC004_SearchTest - Entering password
22:41:40.923 [main] INFO  com.webstore.testcases.TC004_SearchTest - Clicking on Login button
22:41:41.786 [main] INFO  com.webstore.testcases.TC004_SearchTest - Entering values into search field
22:41:42.199 [main] INFO  com.webstore.testcases.TC004_SearchTest - Clicking on search button
22:41:43.160 [main] INFO  com.webstore.testcases.TC004_SearchTest - Validating search results product
22:41:43.483 [main] INFO  com.webstore.testcases.TC004_SearchTest - Clicking on Logout button
22:41:44.270 [main] INFO  com.webstore.testcases.TC004_SearchTest - ***** Starting Login reusable method ****
22:41:44.272 [main] INFO  com.webstore.testcases.TC004_SearchTest - Clicking on Login header link
22:41:44.777 [main] INFO  com.webstore.testcases.TC004_SearchTest - Entering email
22:41:45.215 [main] INFO  com.webstore.testcases.TC004_SearchTest - Entering password
22:41:45.605 [main] INFO  com.webstore.testcases.TC004_SearchTest - Clicking on Login button
22:41:46.523 [main] INFO  com.webstore.testcases.TC004_SearchTest - Entering invalid product name on the serach field
22:41:46.902 [main] INFO  com.webstore.testcases.TC004_SearchTest - Clicking on search button
