14:35:51.153 [main] INFO  com.webstore.testcases.TC003_ForgetPasswordTest - ***** TC002_LoginTest is ended ****
14:35:51.338 [main] INFO  com.webstore.testcases.TC003_ForgetPasswordTest - Quitting web browser
14:37:21.368 [main] DEBUG org.testng.TestNG - suiteXmlPath: "C:\Users\Ravin\git\WebStore\mastersuite.xml"
14:37:21.784 [main] INFO  org.testng.internal.Utils - [TestNG] Running:
  C:\Users\Ravin\git\WebStore\mastersuite.xml

14:37:30.608 [main] INFO  com.webstore.testcases.TC001_Account_Registration_Test - ***** Starting TC001_AccountRegistrationTest  ****
14:37:30.649 [main] INFO  com.webstore.testcases.TC001_Account_Registration_Test - Clicking on registration header link
14:37:31.150 [main] INFO  com.webstore.testcases.TC001_Account_Registration_Test - Selecting gender as male
14:37:31.177 [main] INFO  com.webstore.testcases.TC001_Account_Registration_Test - Entering firstname
14:37:31.310 [main] INFO  com.webstore.testcases.TC001_Account_Registration_Test - Entering lastname
14:37:31.416 [main] INFO  com.webstore.testcases.TC001_Account_Registration_Test - Entering email
14:37:31.549 [main] INFO  com.webstore.testcases.TC001_Account_Registration_Test - Entering password
14:37:31.677 [main] INFO  com.webstore.testcases.TC001_Account_Registration_Test - Entering confirm password
14:37:31.792 [main] INFO  com.webstore.testcases.TC001_Account_Registration_Test - Clicking on Register buton
14:37:32.703 [main] INFO  com.webstore.testcases.TC001_Account_Registration_Test - Validating registration success
14:37:32.832 [main] INFO  com.webstore.testcases.TC001_Account_Registration_Test - ***** TC001_AccountRegistrationTest is ended ****
14:37:33.032 [main] INFO  com.webstore.testcases.TC001_Account_Registration_Test - Quitting web browser
14:37:37.178 [main] INFO  com.webstore.testcases.TC002_LoginTest - ***** Starting TC002_LoginTest ****
14:37:37.181 [main] INFO  com.webstore.testcases.TC002_LoginTest - Clicking on Login header link
14:37:37.660 [main] INFO  com.webstore.testcases.TC002_LoginTest - Entering email
14:37:38.004 [main] INFO  com.webstore.testcases.TC002_LoginTest - Entering password
14:37:38.289 [main] INFO  com.webstore.testcases.TC002_LoginTest - Clicking on Login button
14:37:39.270 [main] INFO  com.webstore.testcases.TC002_LoginTest - Clicking on Logout button
14:37:40.500 [main] INFO  com.webstore.testcases.TC002_LoginTest - ***** TC002_LoginTest is ended ****
14:37:40.502 [main] INFO  com.webstore.testcases.TC002_LoginTest - Quitting web browser
14:37:44.526 [main] INFO  com.webstore.testcases.TC003_ForgetPasswordTest - ***** Starting TC003_ForgetPasswordTest ****
14:37:44.526 [main] INFO  com.webstore.testcases.TC003_ForgetPasswordTest - Clicking on login header link
14:37:44.996 [main] INFO  com.webstore.testcases.TC003_ForgetPasswordTest - Clicking on Forgot password link
14:37:45.479 [main] INFO  com.webstore.testcases.TC003_ForgetPasswordTest - Verifing title is displayed or not
14:37:45.518 [main] INFO  com.webstore.testcases.TC003_ForgetPasswordTest - Entering recovery email
14:37:45.866 [main] INFO  com.webstore.testcases.TC003_ForgetPasswordTest - Clicking on Recovery button
14:37:46.252 [main] INFO  com.webstore.testcases.TC003_ForgetPasswordTest - Validating recovery email sent message
14:37:46.421 [main] INFO  com.webstore.testcases.TC003_ForgetPasswordTest - ***** TC002_LoginTest is ended ****
14:37:46.550 [main] INFO  com.webstore.testcases.TC003_ForgetPasswordTest - Quitting web browser
